<?xml version="1.0" encoding="UTF-8"?>
<testsuite name="TestSuite" time="101.229" tests="21" errors="0" skipped="0" failures="0">
  <properties>
    <property name="java.runtime.name" value="Java(TM) SE Runtime Environment"/>
    <property name="sun.boot.library.path" value="C:\Program Files\Java\jdk1.8.0_241\jre\bin"/>
    <property name="java.vm.version" value="25.241-b07"/>
    <property name="java.vm.vendor" value="Oracle Corporation"/>
    <property name="maven.multiModuleProjectDirectory" value="D:\Selenium Project\SaucedemoValidation"/>
    <property name="java.vendor.url" value="http://java.oracle.com/"/>
    <property name="path.separator" value=";"/>
    <property name="guice.disable.misplaced.annotation.check" value="true"/>
    <property name="java.vm.name" value="Java HotSpot(TM) 64-Bit Server VM"/>
    <property name="file.encoding.pkg" value="sun.io"/>
    <property name="user.script" value=""/>
    <property name="user.country" value="US"/>
    <property name="sun.java.launcher" value="SUN_STANDARD"/>
    <property name="sun.os.patch.level" value=""/>
    <property name="java.vm.specification.name" value="Java Virtual Machine Specification"/>
    <property name="user.dir" value="D:\Selenium Project\SaucedemoValidation"/>
    <property name="java.runtime.version" value="1.8.0_241-b07"/>
    <property name="java.awt.graphicsenv" value="sun.awt.Win32GraphicsEnvironment"/>
    <property name="java.endorsed.dirs" value="C:\Program Files\Java\jdk1.8.0_241\jre\lib\endorsed"/>
    <property name="os.arch" value="amd64"/>
    <property name="java.io.tmpdir" value="C:\Users\SHASHANK\AppData\Local\Temp\"/>
    <property name="line.separator" value="&#10;"/>
    <property name="java.vm.specification.vendor" value="Oracle Corporation"/>
    <property name="user.variant" value=""/>
    <property name="os.name" value="Windows 10"/>
    <property name="classworlds.conf" value="C:\Users\SHASHANK\apache-maven-3.6.3\bin\..\bin\m2.conf"/>
    <property name="sun.jnu.encoding" value="Cp1252"/>
    <property name="java.library.path" value="C:\Program Files\Java\jdk1.8.0_241\bin;C:\Windows\Sun\Java\bin;C:\Windows\system32;C:\Windows;C:\oraclexe\app\oracle\product\11.2.0\server\bin;;C:\Program Files\Java\jdk1.8.0_241\bin;C:\Program Files\Java\jdk1.8.0_241\bin;C:\Users\SHASHANK\AppData\Local\Programs\Microsoft VS Code\bin;C:\Users\SHASHANK\apache-maven-3.6.3\bin;C:\Users\SHASHANK\apache-maven-3.6.3\bin;;."/>
    <property name="maven.conf" value="C:\Users\SHASHANK\apache-maven-3.6.3\bin\../conf"/>
    <property name="java.specification.name" value="Java Platform API Specification"/>
    <property name="java.class.version" value="52.0"/>
    <property name="sun.management.compiler" value="HotSpot 64-Bit Tiered Compilers"/>
    <property name="os.version" value="10.0"/>
    <property name="library.jansi.path" value="C:\Users\SHASHANK\apache-maven-3.6.3\bin\..\lib\jansi-native"/>
    <property name="user.home" value="C:\Users\SHASHANK"/>
    <property name="user.timezone" value="Asia/Calcutta"/>
    <property name="java.awt.printerjob" value="sun.awt.windows.WPrinterJob"/>
    <property name="java.specification.version" value="1.8"/>
    <property name="file.encoding" value="Cp1252"/>
    <property name="user.name" value="SHASHANK"/>
    <property name="java.class.path" value="C:\Users\SHASHANK\apache-maven-3.6.3\bin\..\boot\plexus-classworlds-2.6.0.jar"/>
    <property name="java.vm.specification.version" value="1.8"/>
    <property name="sun.arch.data.model" value="64"/>
    <property name="java.home" value="C:\Program Files\Java\jdk1.8.0_241\jre"/>
    <property name="sun.java.command" value="org.codehaus.plexus.classworlds.launcher.Launcher clean install"/>
    <property name="java.specification.vendor" value="Oracle Corporation"/>
    <property name="user.language" value="en"/>
    <property name="awt.toolkit" value="sun.awt.windows.WToolkit"/>
    <property name="java.vm.info" value="mixed mode"/>
    <property name="java.version" value="1.8.0_241"/>
    <property name="java.ext.dirs" value="C:\Program Files\Java\jdk1.8.0_241\jre\lib\ext;C:\Windows\Sun\Java\lib\ext"/>
    <property name="sun.boot.class.path" value="C:\Program Files\Java\jdk1.8.0_241\jre\lib\resources.jar;C:\Program Files\Java\jdk1.8.0_241\jre\lib\rt.jar;C:\Program Files\Java\jdk1.8.0_241\jre\lib\sunrsasign.jar;C:\Program Files\Java\jdk1.8.0_241\jre\lib\jsse.jar;C:\Program Files\Java\jdk1.8.0_241\jre\lib\jce.jar;C:\Program Files\Java\jdk1.8.0_241\jre\lib\charsets.jar;C:\Program Files\Java\jdk1.8.0_241\jre\lib\jfr.jar;C:\Program Files\Java\jdk1.8.0_241\jre\classes"/>
    <property name="sun.stderr.encoding" value="cp437"/>
    <property name="java.vendor" value="Oracle Corporation"/>
    <property name="maven.home" value="C:\Users\SHASHANK\apache-maven-3.6.3\bin\.."/>
    <property name="file.separator" value="\"/>
    <property name="java.vendor.url.bug" value="http://bugreport.sun.com/bugreport/"/>
    <property name="sun.cpu.endian" value="little"/>
    <property name="sun.io.unicode.encoding" value="UnicodeLittle"/>
    <property name="sun.stdout.encoding" value="cp437"/>
    <property name="sun.desktop" value="windows"/>
    <property name="sun.cpu.isalist" value="amd64"/>
  </properties>
  <testcase name="Login" classname="Validate.WebLogin" time="29.427"/>
  <testcase name="Header" classname="Validate.Home" time="0.047"/>
  <testcase name="footer" classname="Validate.Home" time="1.032"/>
  <testcase name="Hamburger" classname="Validate.Home" time="2.218"/>
  <testcase name="AddProduct" classname="Validate.AddOrRemoveProduct" time="4.203"/>
  <testcase name="RemoveProduct" classname="Validate.AddOrRemoveProduct" time="2.266"/>
  <testcase name="CheckOut" classname="Validate.CheckOut" time="8.031"/>
  <testcase name="logout" classname="Validate.CheckOut" time="3.109"/>
  <testcase name="LockedOut" classname="Validate.LockedOut" time="9.272"/>
  <testcase name="selectproduct" classname="Validate.VerifyCheckOutFunctionality" time="15.389"/>
  <testcase name="Navigate" classname="Validate.Add3Remove1" time="0.422"/>
  <testcase name="Add3Product" classname="Validate.Add3Remove1" time="3.859"/>
  <testcase name="remove1" classname="Validate.Add3Remove1" time="1.25"/>
  <testcase name="CheckoutBox" classname="Validate.CheckOutForm" time="0.469"/>
  <testcase name="Validate1" classname="Validate.CheckOutForm" time="1.75"/>
  <testcase name="Validate2" classname="Validate.CheckOutForm" time="3.625"/>
  <testcase name="Validate3" classname="Validate.CheckOutForm" time="3.016"/>
  <testcase name="naviagtetohome" classname="Validate.NavigateToHomepage" time="2.672"/>
  <testcase name="remove" classname="Validate.NavigateToHomepage" time="0.937"/>
  <testcase name="sort" classname="Validate.SortingMechanism" time="7.031"/>
  <testcase name="CloseDriver" classname="Validate.SortingMechanism" time="1.204"/>
</testsuite>