<?xml version="1.0" encoding="UTF-8"?>
<!-- Generated by org.testng.reporters.JUnitReportReporter -->
<testsuite hostname="DESKTOP-6GJULPT" name="Validate.WebLogin" tests="1" failures="0" timestamp="11 May 2020 09:47:28 GMT" time="31.607" errors="0">
  <testcase name="Login" time="31.607" classname="Validate.WebLogin"/>
</testsuite> <!-- Validate.WebLogin -->
