<?xml version="1.0" encoding="UTF-8"?>
<!-- Generated by org.testng.reporters.JUnitReportReporter -->
<testsuite hostname="DESKTOP-6GJULPT" name="Validate.CheckOutForm" tests="4" failures="0" timestamp="11 May 2020 10:39:52 GMT" time="10.770" errors="0">
  <testcase name="CheckoutBox" time="0.625" classname="Validate.CheckOutForm"/>
  <testcase name="Validate1" time="1.709" classname="Validate.CheckOutForm"/>
  <testcase name="Validate3" time="3.460" classname="Validate.CheckOutForm"/>
  <testcase name="Validate2" time="4.976" classname="Validate.CheckOutForm"/>
</testsuite> <!-- Validate.CheckOutForm -->
