<?xml version="1.0" encoding="UTF-8"?>
<!-- Generated by org.testng.reporters.JUnitReportReporter -->
<testsuite hostname="DESKTOP-6GJULPT" name="Validate.AddOrRemoveProduct" tests="2" failures="0" timestamp="11 May 2020 09:47:28 GMT" time="6.396" errors="0">
  <testcase name="RemoveProduct" time="2.256" classname="Validate.AddOrRemoveProduct"/>
  <testcase name="AddProduct" time="4.140" classname="Validate.AddOrRemoveProduct"/>
</testsuite> <!-- Validate.AddOrRemoveProduct -->
