<?xml version="1.0" encoding="UTF-8"?>
<!-- Generated by org.testng.reporters.JUnitReportReporter -->
<testsuite hostname="DESKTOP-6GJULPT" name="Validate.NavigateToHomepage" tests="2" failures="0" timestamp="11 May 2020 10:39:52 GMT" time="4.796" errors="0">
  <testcase name="remove" time="0.952" classname="Validate.NavigateToHomepage"/>
  <testcase name="naviagtetohome" time="3.844" classname="Validate.NavigateToHomepage"/>
</testsuite> <!-- Validate.NavigateToHomepage -->
