<?xml version="1.0" encoding="UTF-8"?>
<!-- Generated by org.testng.reporters.JUnitReportReporter -->
<testsuite hostname="DESKTOP-6GJULPT" name="Validate.SortingMechanism" tests="2" failures="0" timestamp="11 May 2020 10:39:52 GMT" time="16.135" errors="0">
  <testcase name="CloseDriver" time="1.081" classname="Validate.SortingMechanism"/>
  <testcase name="sort" time="15.054" classname="Validate.SortingMechanism"/>
</testsuite> <!-- Validate.SortingMechanism -->
