<?xml version="1.0" encoding="UTF-8"?>
<!-- Generated by org.testng.reporters.JUnitReportReporter -->
<testsuite hostname="DESKTOP-6GJULPT" name="Validate.VerifyCheckOutFunctionality" tests="1" failures="0" timestamp="11 May 2020 10:39:52 GMT" time="24.473" errors="0">
  <testcase name="selectproduct" time="24.473" classname="Validate.VerifyCheckOutFunctionality"/>
</testsuite> <!-- Validate.VerifyCheckOutFunctionality -->
