<?xml version="1.0" encoding="UTF-8"?>
<!-- Generated by org.testng.reporters.JUnitReportReporter -->
<testsuite hostname="DESKTOP-6GJULPT" name="Validate.CheckOut" tests="2" failures="0" timestamp="11 May 2020 09:47:28 GMT" time="11.177" errors="0">
  <testcase name="CheckOut" time="7.890" classname="Validate.CheckOut"/>
  <testcase name="logout" time="3.287" classname="Validate.CheckOut"/>
</testsuite> <!-- Validate.CheckOut -->
