<?xml version="1.0" encoding="UTF-8"?>
<!-- Generated by org.testng.reporters.JUnitReportReporter -->
<testsuite hostname="DESKTOP-6GJULPT" name="Validate.Home" tests="3" failures="0" timestamp="11 May 2020 09:47:28 GMT" time="3.257" errors="0">
  <testcase name="footer" time="1.020" classname="Validate.Home"/>
  <testcase name="Hamburger" time="2.196" classname="Validate.Home"/>
  <testcase name="Header" time="0.041" classname="Validate.Home"/>
</testsuite> <!-- Validate.Home -->
