<?xml version="1.0" encoding="UTF-8"?>
<!-- Generated by org.testng.reporters.JUnitReportReporter -->
<testsuite skipped="0" hostname="DESKTOP-6GJULPT" name="Validate.AddOrRemoveProduct" tests="2" failures="0" timestamp="11 May 2020 10:45:57 GMT" time="6.485" errors="0">
  <testcase name="AddProduct" time="4.203" classname="Validate.AddOrRemoveProduct"/>
  <testcase name="RemoveProduct" time="2.282" classname="Validate.AddOrRemoveProduct"/>
</testsuite> <!-- Validate.AddOrRemoveProduct -->
