<?xml version="1.0" encoding="UTF-8"?>
<!-- Generated by org.testng.reporters.JUnitReportReporter -->
<testsuite skipped="0" hostname="DESKTOP-6GJULPT" name="Validate.LockedOut" tests="1" failures="0" timestamp="11 May 2020 10:45:57 GMT" time="9.272" errors="0">
  <testcase name="LockedOut" time="9.272" classname="Validate.LockedOut"/>
</testsuite> <!-- Validate.LockedOut -->
