<?xml version="1.0" encoding="UTF-8"?>
<!-- Generated by org.testng.reporters.JUnitReportReporter -->
<testsuite skipped="0" hostname="DESKTOP-6GJULPT" name="Validate.SortingMechanism" tests="2" failures="0" timestamp="11 May 2020 10:45:57 GMT" time="8.235" errors="0">
  <testcase name="sort" time="7.031" classname="Validate.SortingMechanism"/>
  <testcase name="CloseDriver" time="1.204" classname="Validate.SortingMechanism"/>
</testsuite> <!-- Validate.SortingMechanism -->
