<?xml version="1.0" encoding="UTF-8"?>
<!-- Generated by org.testng.reporters.JUnitReportReporter -->
<testsuite skipped="0" hostname="DESKTOP-6GJULPT" name="Validate.VerifyCheckOutFunctionality" tests="1" failures="0" timestamp="11 May 2020 10:45:57 GMT" time="15.389" errors="0">
  <testcase name="selectproduct" time="15.389" classname="Validate.VerifyCheckOutFunctionality"/>
</testsuite> <!-- Validate.VerifyCheckOutFunctionality -->
