<?xml version="1.0" encoding="UTF-8"?>
<!-- Generated by org.testng.reporters.JUnitReportReporter -->
<testsuite skipped="0" hostname="DESKTOP-6GJULPT" name="Validate.CheckOut" tests="2" failures="0" timestamp="11 May 2020 10:45:57 GMT" time="11.140" errors="0">
  <testcase name="logout" time="3.109" classname="Validate.CheckOut"/>
  <testcase name="CheckOut" time="8.031" classname="Validate.CheckOut"/>
</testsuite> <!-- Validate.CheckOut -->
