<?xml version="1.0" encoding="UTF-8"?>
<!-- Generated by org.testng.reporters.JUnitReportReporter -->
<testsuite skipped="0" hostname="DESKTOP-6GJULPT" name="Validate.CheckOutForm" tests="4" failures="0" timestamp="11 May 2020 10:45:57 GMT" time="8.860" errors="0">
  <testcase name="Validate1" time="1.750" classname="Validate.CheckOutForm"/>
  <testcase name="CheckoutBox" time="0.469" classname="Validate.CheckOutForm"/>
  <testcase name="Validate2" time="3.625" classname="Validate.CheckOutForm"/>
  <testcase name="Validate3" time="3.016" classname="Validate.CheckOutForm"/>
</testsuite> <!-- Validate.CheckOutForm -->
