<?xml version="1.0" encoding="UTF-8"?>
<!-- Generated by org.testng.reporters.JUnitReportReporter -->
<testsuite skipped="0" hostname="DESKTOP-6GJULPT" name="Validate.Home" tests="3" failures="0" timestamp="11 May 2020 10:45:57 GMT" time="3.297" errors="0">
  <testcase name="footer" time="1.032" classname="Validate.Home"/>
  <testcase name="Header" time="0.047" classname="Validate.Home"/>
  <testcase name="Hamburger" time="2.218" classname="Validate.Home"/>
</testsuite> <!-- Validate.Home -->
