<?xml version="1.0" encoding="UTF-8"?>
<!-- Generated by org.testng.reporters.JUnitReportReporter -->
<testsuite skipped="0" hostname="DESKTOP-6GJULPT" name="Validate.Add3Remove1" tests="3" failures="0" timestamp="11 May 2020 10:45:57 GMT" time="5.531" errors="0">
  <testcase name="Navigate" time="0.422" classname="Validate.Add3Remove1"/>
  <testcase name="remove1" time="1.250" classname="Validate.Add3Remove1"/>
  <testcase name="Add3Product" time="3.859" classname="Validate.Add3Remove1"/>
</testsuite> <!-- Validate.Add3Remove1 -->
