<?xml version="1.0" encoding="UTF-8"?>
<!-- Generated by org.testng.reporters.JUnitReportReporter -->
<testsuite skipped="0" hostname="DESKTOP-6GJULPT" name="Validate.NavigateToHomepage" tests="2" failures="0" timestamp="11 May 2020 10:45:57 GMT" time="3.609" errors="0">
  <testcase name="remove" time="0.937" classname="Validate.NavigateToHomepage"/>
  <testcase name="naviagtetohome" time="2.672" classname="Validate.NavigateToHomepage"/>
</testsuite> <!-- Validate.NavigateToHomepage -->
